2024-12-19 09:47:43,393 - email_analysis_ml - INFO - Starting enhanced training process...
2024-12-19 09:47:43,394 - email_analysis_ml - INFO - 1. Extracting features...
2024-12-19 09:47:43,394 - email_analysis_ml - INFO -    - Creating TF-IDF features...
2024-12-19 09:47:52,604 - email_analysis_ml - INFO -    - Extracting custom features...
2024-12-19 09:47:59,092 - email_analysis_ml - INFO -    - Combining features...
2024-12-19 09:47:59,107 - email_analysis_ml - INFO -    - Handling NaN values...
2024-12-19 09:47:59,395 - email_analysis_ml - INFO - 2. Splitting dataset...
2024-12-19 09:47:59,469 - email_analysis_ml - INFO - 3. Training and evaluating multiple models...
2024-12-19 09:47:59,472 - email_analysis_ml - INFO - Evaluating SVM...
2024-12-19 10:51:22,312 - email_analysis_ml - INFO -    SVM CV Score: 0.514 (+/- 0.022)
2024-12-19 10:51:22,328 - email_analysis_ml - INFO - Evaluating Random Forest...
2024-12-19 10:51:37,937 - email_analysis_ml - INFO -    Random Forest CV Score: 0.931 (+/- 0.010)
2024-12-19 10:51:37,939 - email_analysis_ml - INFO - 4. Training final model (Random Forest)...
2024-12-19 10:51:41,843 - email_analysis_ml - INFO - 5. Evaluating final model...
2024-12-19 10:51:42,666 - email_analysis_ml - INFO - Starting email analysis
2024-12-19 10:51:42,747 - email_analysis_ml - INFO - Analysis complete. Prediction: 1, Probability: 0.6858892176578886
2024-12-19 12:01:17,002 - email_analysis_ml - INFO - Starting enhanced training process...
2024-12-19 12:01:17,002 - email_analysis_ml - INFO - 1. Extracting features...
2024-12-19 12:01:17,003 - email_analysis_ml - INFO -    - Creating TF-IDF features...
2024-12-19 12:01:27,672 - email_analysis_ml - INFO -    - Extracting custom features...
2024-12-19 12:01:34,984 - email_analysis_ml - INFO -    - Combining features...
2024-12-19 12:01:35,009 - email_analysis_ml - INFO -    - Handling NaN values...
2024-12-19 12:01:35,332 - email_analysis_ml - INFO - 2. Splitting dataset...
2024-12-19 12:01:35,434 - email_analysis_ml - INFO - 3. Training and evaluating multiple models...
2024-12-19 12:01:35,435 - email_analysis_ml - INFO - Evaluating SVM...
2024-12-19 13:18:41,692 - email_analysis_ml - INFO -    SVM CV Score: 0.514 (+/- 0.022)
2024-12-19 13:18:41,698 - email_analysis_ml - INFO - Evaluating Random Forest...
2024-12-19 13:18:57,804 - email_analysis_ml - INFO -    Random Forest CV Score: 0.931 (+/- 0.010)
2024-12-19 13:18:57,805 - email_analysis_ml - INFO - 4. Training final model (Random Forest)...
2024-12-19 13:19:01,758 - email_analysis_ml - INFO - 5. Evaluating final model...
2024-12-19 13:19:02,276 - email_analysis_ml - INFO - Starting email analysis
2024-12-19 13:19:02,341 - email_analysis_ml - INFO - Analysis complete. Prediction: 1, Probability: 0.6858892176578882
2024-12-19 14:37:35,619 - email_analysis_ml - INFO - Starting email analysis
2024-12-19 14:37:35,735 - email_analysis_ml - INFO - Analysis complete. Prediction: 1, Probability: 0.6961282963050628
2024-12-19 14:38:14,429 - email_analysis_ml - INFO - Starting email analysis
2024-12-19 14:38:14,489 - email_analysis_ml - INFO - Analysis complete. Prediction: 1, Probability: 0.696128296305063
2024-12-19 15:18:35,117 - email_analysis_ml - INFO - Starting enhanced training process...
2024-12-19 15:18:35,118 - email_analysis_ml - INFO - 1. Extracting features...
2024-12-19 15:18:35,118 - email_analysis_ml - INFO -    - Creating TF-IDF features...
2024-12-19 15:18:46,994 - email_analysis_ml - INFO -    - Extracting custom features...
2024-12-19 15:18:53,936 - email_analysis_ml - INFO -    - Combining features...
2024-12-19 15:18:53,963 - email_analysis_ml - INFO -    - Handling NaN values...
2024-12-19 15:18:54,328 - email_analysis_ml - INFO - 2. Splitting dataset...
2024-12-19 15:18:54,429 - email_analysis_ml - INFO - 3. Training and evaluating multiple models...
2024-12-19 15:18:54,429 - email_analysis_ml - INFO - Evaluating SVM...
2024-12-19 16:32:37,046 - email_analysis_ml - INFO -    SVM CV Score: 0.514 (+/- 0.022)
2024-12-19 16:32:37,050 - email_analysis_ml - INFO - Evaluating Random Forest...
2024-12-19 16:32:48,001 - email_analysis_ml - INFO -    Random Forest CV Score: 0.931 (+/- 0.010)
2024-12-19 16:32:48,001 - email_analysis_ml - INFO - 4. Training final model (Random Forest)...
2024-12-19 16:32:50,710 - email_analysis_ml - INFO - 5. Evaluating final model...
2024-12-19 16:32:51,090 - email_analysis_ml - INFO - Starting email analysis
2024-12-19 16:32:51,136 - email_analysis_ml - INFO - Analysis complete. Prediction: 1, Probability: 0.6858892176578886
2024-12-19 16:53:18,420 - email_analysis_ml - INFO - Starting email analysis
2024-12-19 16:53:18,495 - email_analysis_ml - INFO - Analysis complete. Prediction: 1, Probability: 0.696128296305063
2024-12-19 16:58:23,470 - email_analysis_ml - INFO - Starting email analysis
2024-12-19 16:58:23,544 - email_analysis_ml - INFO - Analysis complete. Prediction: 1, Probability: 0.6961282963050628
2024-12-19 17:08:02,592 - email_analysis_ml - INFO - Starting enhanced training process...
2024-12-19 17:08:02,592 - email_analysis_ml - INFO - 1. Extracting features...
2024-12-19 17:08:02,593 - email_analysis_ml - INFO -    - Creating TF-IDF features...
2024-12-19 17:08:11,457 - email_analysis_ml - INFO -    - Extracting custom features...
2024-12-19 17:08:17,646 - email_analysis_ml - INFO -    - Combining features...
2024-12-19 17:08:17,661 - email_analysis_ml - INFO -    - Handling NaN values...
2024-12-19 17:08:17,948 - email_analysis_ml - INFO - 2. Splitting dataset...
2024-12-19 17:08:18,022 - email_analysis_ml - INFO - 3. Training and evaluating multiple models...
2024-12-19 17:08:18,022 - email_analysis_ml - INFO - Evaluating SVM...
2024-12-19 18:10:41,832 - email_analysis_ml - INFO -    SVM CV Score: 0.514 (+/- 0.022)
2024-12-19 18:10:41,834 - email_analysis_ml - INFO - Evaluating Random Forest...
2024-12-19 18:10:52,501 - email_analysis_ml - INFO -    Random Forest CV Score: 0.931 (+/- 0.010)
2024-12-19 18:10:52,502 - email_analysis_ml - INFO - 4. Training final model (Random Forest)...
2024-12-19 18:10:55,178 - email_analysis_ml - INFO - 5. Evaluating final model...
2024-12-19 18:10:55,476 - email_analysis_ml - INFO - Starting email analysis
2024-12-19 18:10:55,520 - email_analysis_ml - INFO - Analysis complete. Prediction: 1, Probability: 0.6858892176578887
2024-12-19 18:25:09,177 - email_analysis_ml - INFO - Starting email analysis
2024-12-19 18:25:09,242 - email_analysis_ml - INFO - Analysis complete. Prediction: 1, Probability: 0.696128296305063
2025-01-02 17:49:14,030 - __main__ - INFO - Starting enhanced training process...
2025-01-02 17:49:14,031 - __main__ - INFO - 1. Extracting features...
2025-01-02 17:49:14,031 - __main__ - INFO -    - Creating TF-IDF features...
2025-01-02 17:49:23,184 - __main__ - INFO -    - Extracting custom features...
2025-01-02 17:49:29,348 - __main__ - INFO -    - Combining features...
2025-01-02 17:49:29,371 - __main__ - INFO -    - Handling NaN values...
2025-01-02 17:49:29,663 - __main__ - INFO - 2. Splitting dataset...
2025-01-02 17:49:29,746 - __main__ - INFO - 3. Training and evaluating multiple models...
2025-01-02 17:49:29,748 - __main__ - INFO - Evaluating SVM...
2025-01-02 18:46:10,229 - __main__ - INFO -    SVM CV Score: 0.514 (+/- 0.022)
2025-01-02 18:46:10,229 - __main__ - INFO - Evaluating Random Forest...
2025-01-02 18:46:21,483 - __main__ - INFO -    Random Forest CV Score: 0.931 (+/- 0.010)
2025-01-02 18:46:21,483 - __main__ - INFO - 4. Training final model (Random Forest)...
2025-01-02 18:46:24,238 - __main__ - INFO - 5. Evaluating final model...
2025-01-02 18:46:24,513 - __main__ - INFO - Starting email analysis
2025-01-02 18:46:24,569 - __main__ - INFO - Analysis complete. Prediction: 1, Probability: 0.6858892176578886
2025-01-09 07:18:28,466 - email_analysis_ml - INFO - Starting email analysis
2025-01-09 07:18:28,538 - email_analysis_ml - INFO - Analysis complete. Prediction: 1, Probability: 0.696128296305063
2025-01-09 07:19:26,011 - email_analysis_ml - INFO - Starting email analysis
2025-01-09 07:19:26,077 - email_analysis_ml - INFO - Analysis complete. Prediction: 0, Probability: 0.43450471386069434
2025-01-09 07:21:06,516 - email_analysis_ml - INFO - Starting email analysis
2025-01-09 07:21:06,574 - email_analysis_ml - INFO - Analysis complete. Prediction: 0, Probability: 0.4345047138606942
2025-01-10 01:15:42,675 - email_analysis_ml - INFO - Starting email analysis
2025-01-10 01:15:42,743 - email_analysis_ml - INFO - Analysis complete. Prediction: 0, Probability: 0.43450471386069417
2025-01-17 22:21:40,992 - email_analysis_ml - INFO - Starting email analysis
2025-01-17 22:21:41,062 - email_analysis_ml - INFO - Analysis complete. Prediction: 1, Probability: 0.6961282963050631
2025-01-19 19:25:30,257 - email_analysis_ml - INFO - Starting email analysis
2025-01-19 19:25:30,334 - email_analysis_ml - INFO - Analysis complete. Prediction: 0, Probability: 0.4345047138606942
2025-01-19 19:25:45,503 - email_analysis_ml - INFO - Starting email analysis
2025-01-19 19:25:45,559 - email_analysis_ml - INFO - Analysis complete. Prediction: 1, Probability: 0.696128296305063
2025-01-19 19:33:08,834 - email_analysis_ml - INFO - Starting email analysis
2025-01-19 19:33:08,891 - email_analysis_ml - INFO - Analysis complete. Prediction: 1, Probability: 0.696128296305063
2025-01-19 19:33:56,156 - email_analysis_ml - INFO - Starting email analysis
2025-01-19 19:33:56,213 - email_analysis_ml - INFO - Analysis complete. Prediction: 1, Probability: 0.6961282963050628
2025-01-19 19:34:13,817 - email_analysis_ml - INFO - Starting email analysis
2025-01-19 19:34:13,876 - email_analysis_ml - INFO - Analysis complete. Prediction: 0, Probability: 0.4345047138606942
2025-01-19 19:34:59,147 - email_analysis_ml - INFO - Starting email analysis
2025-01-19 19:34:59,203 - email_analysis_ml - INFO - Analysis complete. Prediction: 1, Probability: 0.696128296305063
2025-01-19 19:35:14,562 - email_analysis_ml - INFO - Starting email analysis
2025-01-19 19:35:14,619 - email_analysis_ml - INFO - Analysis complete. Prediction: 0, Probability: 0.4345047138606942
2025-01-19 19:42:03,955 - email_analysis_ml - INFO - Starting email analysis
2025-01-19 19:42:04,011 - email_analysis_ml - INFO - Analysis complete. Prediction: 1, Probability: 0.6961282963050631
2025-01-19 19:44:12,483 - email_analysis_ml - INFO - Starting email analysis
2025-01-19 19:44:12,543 - email_analysis_ml - INFO - Analysis complete. Prediction: 0, Probability: 0.4345047138606942
2025-01-19 20:05:09,333 - email_analysis_ml - INFO - Starting email analysis
2025-01-19 20:05:09,389 - email_analysis_ml - INFO - Analysis complete. Prediction: 1, Probability: 0.696128296305063
2025-01-19 20:10:53,256 - email_analysis_ml - INFO - Starting email analysis
2025-01-19 20:10:53,313 - email_analysis_ml - INFO - Analysis complete. Prediction: 0, Probability: 0.4345047138606942
2025-01-19 20:11:30,010 - email_analysis_ml - INFO - Starting email analysis
2025-01-19 20:11:30,065 - email_analysis_ml - INFO - Analysis complete. Prediction: 1, Probability: 0.696128296305063
2025-01-19 21:18:34,034 - email_analysis_ml - INFO - Starting enhanced training process...
2025-01-19 21:18:34,035 - email_analysis_ml - INFO - 1. Extracting features...
2025-01-19 21:18:34,035 - email_analysis_ml - INFO -    - Creating TF-IDF features...
2025-01-19 21:18:47,010 - email_analysis_ml - INFO -    - Extracting custom features...
2025-01-19 21:18:55,098 - email_analysis_ml - INFO -    - Combining features...
2025-01-19 21:18:55,128 - email_analysis_ml - INFO -    - Handling NaN values...
2025-01-19 21:18:55,504 - email_analysis_ml - INFO - 2. Splitting dataset...
2025-01-19 21:18:55,603 - email_analysis_ml - INFO - 3. Training and evaluating multiple models...
2025-01-19 21:18:55,605 - email_analysis_ml - INFO - Evaluating SVM...
2025-01-19 22:38:25,261 - email_analysis_ml - INFO -    SVM CV Score: 0.514 (+/- 0.022)
2025-01-19 22:38:25,269 - email_analysis_ml - INFO - Evaluating Random Forest...
2025-01-19 22:38:43,449 - email_analysis_ml - INFO -    Random Forest CV Score: 0.931 (+/- 0.010)
2025-01-19 22:38:43,450 - email_analysis_ml - INFO - Evaluating XGBoost...
2025-01-19 22:39:33,450 - email_analysis_ml - INFO -    XGBoost CV Score: 0.943 (+/- 0.007)
2025-01-19 22:39:33,451 - email_analysis_ml - INFO - 4. Training final model (XGBoost)...
2025-01-19 22:39:44,420 - email_analysis_ml - INFO - 5. Evaluating final model...
2025-01-19 22:41:16,069 - email_analysis_ml - INFO - Starting email analysis
2025-01-19 22:41:16,133 - email_analysis_ml - INFO - Analysis complete. Prediction: 0, Probability: 0.4345047138606942
2025-01-19 22:45:32,607 - email_analysis_ml - INFO - Starting enhanced training process...
2025-01-19 22:45:32,607 - email_analysis_ml - INFO - 1. Extracting features...
2025-01-19 22:45:32,608 - email_analysis_ml - INFO -    - Creating TF-IDF features...
2025-01-19 22:45:46,032 - email_analysis_ml - INFO -    - Extracting custom features...
2025-01-19 22:45:54,324 - email_analysis_ml - INFO -    - Combining features...
2025-01-19 22:45:54,349 - email_analysis_ml - INFO -    - Handling NaN values...
2025-01-19 22:45:54,760 - email_analysis_ml - INFO - 2. Splitting dataset...
2025-01-19 22:45:54,866 - email_analysis_ml - INFO - 3. Training and evaluating multiple models...
2025-01-19 22:45:54,867 - email_analysis_ml - INFO - Evaluating SVM...
2025-01-19 23:51:05,663 - email_analysis_ml - INFO -    SVM CV Score: 0.514 (+/- 0.022)
2025-01-19 23:51:05,663 - email_analysis_ml - INFO - Evaluating Random Forest...
2025-01-19 23:51:16,729 - email_analysis_ml - INFO -    Random Forest CV Score: 0.931 (+/- 0.010)
2025-01-19 23:51:16,729 - email_analysis_ml - INFO - Evaluating XGBoost...
2025-01-19 23:51:51,806 - email_analysis_ml - INFO -    XGBoost CV Score: 0.943 (+/- 0.007)
2025-01-19 23:51:51,806 - email_analysis_ml - INFO - 4. Training final model (XGBoost)...
2025-01-19 23:51:59,792 - email_analysis_ml - INFO - 5. Evaluating final model...
2025-01-19 23:51:59,976 - email_analysis_ml - INFO - Starting email analysis
2025-01-19 23:51:59,979 - email_analysis_ml - INFO - Analysis complete. Prediction: 1, Probability: 0.8698825240135193
2025-01-20 00:18:37,147 - email_analysis_ml - INFO - Starting email analysis
2025-01-20 00:18:37,153 - email_analysis_ml - INFO - Analysis complete. Prediction: 0, Probability: 0.17607145011425018
2025-01-20 00:19:05,063 - email_analysis_ml - INFO - Starting email analysis
2025-01-20 00:19:05,067 - email_analysis_ml - INFO - Analysis complete. Prediction: 1, Probability: 0.6413712501525879
2025-01-20 00:19:20,949 - email_analysis_ml - INFO - Starting email analysis
2025-01-20 00:19:20,952 - email_analysis_ml - INFO - Analysis complete. Prediction: 0, Probability: 0.17607145011425018
2025-01-20 00:25:14,617 - email_analysis_ml - INFO - Starting enhanced training process...
2025-01-20 00:25:14,617 - email_analysis_ml - INFO - 1. Extracting features...
2025-01-20 00:25:14,619 - email_analysis_ml - INFO -    - Creating TF-IDF features...
2025-01-20 00:25:23,914 - email_analysis_ml - INFO -    - Extracting custom features...
2025-01-20 00:25:30,135 - email_analysis_ml - INFO -    - Combining features...
2025-01-20 00:25:30,151 - email_analysis_ml - INFO -    - Handling NaN values...
2025-01-20 00:25:30,426 - email_analysis_ml - INFO - 2. Splitting dataset...
2025-01-20 00:25:30,501 - email_analysis_ml - INFO - 3. Training and evaluating multiple models...
2025-01-20 00:25:30,501 - email_analysis_ml - INFO - Evaluating SVM...
2025-01-20 01:22:11,969 - email_analysis_ml - INFO -    SVM CV Score: 0.514 (+/- 0.022)
2025-01-20 01:22:11,969 - email_analysis_ml - INFO - Evaluating Random Forest...
2025-01-20 01:22:22,993 - email_analysis_ml - INFO -    Random Forest CV Score: 0.931 (+/- 0.010)
2025-01-20 01:22:22,994 - email_analysis_ml - INFO - Evaluating XGBoost...
2025-01-20 01:22:58,864 - email_analysis_ml - INFO -    XGBoost CV Score: 0.943 (+/- 0.007)
2025-01-20 01:22:58,865 - email_analysis_ml - INFO - 4. Training final model (XGBoost)...
2025-01-20 01:23:06,767 - email_analysis_ml - INFO - 5. Evaluating final model...
2025-01-20 01:23:06,933 - email_analysis_ml - INFO - Starting email analysis
2025-01-20 01:23:06,937 - email_analysis_ml - INFO - Analysis complete. Prediction: 1, Probability: 0.8698825240135193
2025-01-21 00:42:50,827 - email_analysis_ml - INFO - Starting email analysis
2025-01-21 00:42:50,848 - email_analysis_ml - INFO - Analysis complete. Prediction: 0, Probability: 0.17607145011425018
2025-01-21 00:49:27,846 - email_analysis_ml - INFO - Starting email analysis
2025-01-21 00:49:27,851 - email_analysis_ml - INFO - Analysis complete. Prediction: 0, Probability: 0.17607145011425018
2025-01-21 00:52:38,824 - email_analysis_ml - INFO - Starting email analysis
2025-01-21 00:52:38,830 - email_analysis_ml - INFO - Analysis complete. Prediction: 0, Probability: 0.17607145011425018
2025-01-21 01:21:11,363 - email_analysis_ml - INFO - Starting email analysis
2025-01-21 01:21:11,368 - email_analysis_ml - INFO - Analysis complete. Prediction: 0, Probability: 0.17607145011425018
2025-01-21 01:45:14,522 - email_analysis_ml - INFO - Starting email analysis
2025-01-21 01:45:14,527 - email_analysis_ml - INFO - Analysis complete. Prediction: 1, Probability: 0.6413712501525879
2025-01-21 02:49:07,092 - email_analysis_ml - INFO - Starting email analysis
2025-01-21 02:49:07,096 - email_analysis_ml - INFO - Analysis complete. Prediction: 0, Probability: 0.17607145011425018
2025-01-21 02:50:54,032 - email_analysis_ml - INFO - Starting email analysis
2025-01-21 02:50:54,035 - email_analysis_ml - INFO - Analysis complete. Prediction: 0, Probability: 0.17607145011425018
2025-01-21 03:02:00,774 - email_analysis_ml - INFO - Starting email analysis
2025-01-21 03:02:00,780 - email_analysis_ml - INFO - Analysis complete. Prediction: 0, Probability: 0.35535675287246704
2025-01-21 03:17:39,862 - email_analysis_ml - INFO - Starting email analysis
2025-01-21 03:17:39,867 - email_analysis_ml - INFO - Analysis complete. Prediction: 0, Probability: 0.35535675287246704
2025-01-21 03:31:49,929 - email_analysis_ml - INFO - Starting email analysis
2025-01-21 03:31:49,934 - email_analysis_ml - INFO - Analysis complete. Prediction: 0, Probability: 0.35535675287246704
2025-01-21 03:31:49,934 - email_analysis_ml - ERROR - Error analyzing email: EmailPhishingDetector._generate_explanation() takes 3 positional arguments but 4 were given
Traceback (most recent call last):
  File "c:\Users\Kenneth\Desktop\LPU\Phishing Detection System\phishing detector\email_analysis_ml.py", line 452, in analyze_email
    explanation = self._generate_explanation(custom_features, probability, embedded_links)
                  ^^^^^^^^^^^^^^^^^^^^^^^^^^^^^^^^^^^^^^^^^^^^^^^^^^^^^^^^^^^^^^^^^^^^^^^^
TypeError: EmailPhishingDetector._generate_explanation() takes 3 positional arguments but 4 were given
2025-01-21 03:33:48,560 - email_analysis_ml - INFO - Starting email analysis
2025-01-21 03:33:48,564 - email_analysis_ml - INFO - Analysis complete. Prediction: 0, Probability: 0.35535675287246704
2025-01-21 03:45:03,852 - email_analysis_ml - INFO - Starting email analysis
2025-01-21 03:45:03,857 - email_analysis_ml - INFO - Analysis complete. Prediction: 0, Probability: 0.35535675287246704
2025-01-21 04:12:30,551 - email_analysis_ml - INFO - Starting enhanced training process...
2025-01-21 04:12:30,552 - email_analysis_ml - INFO - 1. Extracting features...
2025-01-21 04:12:30,552 - email_analysis_ml - INFO -    - Creating TF-IDF features...
2025-01-21 04:12:40,032 - email_analysis_ml - INFO -    - Extracting custom features...
2025-01-21 04:12:46,654 - email_analysis_ml - INFO -    - Combining features...
2025-01-21 04:12:46,672 - email_analysis_ml - INFO -    - Handling NaN values...
2025-01-21 04:12:46,963 - email_analysis_ml - INFO - 2. Splitting dataset...
2025-01-21 04:12:47,045 - email_analysis_ml - INFO - 3. Training and evaluating multiple models...
2025-01-21 04:12:47,046 - email_analysis_ml - INFO - Evaluating SVM...
2025-01-21 05:13:31,068 - email_analysis_ml - INFO -    SVM CV Score: 0.514 (+/- 0.021)
2025-01-21 05:13:31,073 - email_analysis_ml - INFO - Evaluating Random Forest...
2025-01-21 05:13:42,769 - email_analysis_ml - INFO -    Random Forest CV Score: 0.930 (+/- 0.010)
2025-01-21 05:13:42,770 - email_analysis_ml - INFO - Evaluating XGBoost...
2025-01-21 05:14:20,694 - email_analysis_ml - INFO -    XGBoost CV Score: 0.943 (+/- 0.007)
2025-01-21 05:14:20,694 - email_analysis_ml - INFO - 4. Training final model (XGBoost)...
2025-01-21 05:14:29,051 - email_analysis_ml - INFO - 5. Evaluating final model...
2025-01-21 05:14:29,244 - email_analysis_ml - INFO - Starting email analysis
2025-01-21 05:14:29,253 - email_analysis_ml - INFO - Analysis complete. Prediction: 1, Probability: 0.8844301700592041
2025-01-21 05:16:24,168 - email_analysis_ml - INFO - Starting email analysis
2025-01-21 05:16:24,231 - email_analysis_ml - INFO - Analysis complete. Prediction: 1, Probability: 0.5204929709434509
2025-01-21 05:17:09,869 - email_analysis_ml - INFO - Starting email analysis
2025-01-21 05:17:09,877 - email_analysis_ml - INFO - Analysis complete. Prediction: 0, Probability: 0.2225721776485443
2025-01-21 05:17:28,707 - email_analysis_ml - INFO - Starting email analysis
2025-01-21 05:17:28,774 - email_analysis_ml - INFO - Analysis complete. Prediction: 1, Probability: 0.6454136967658997
2025-01-21 05:17:49,759 - email_analysis_ml - INFO - Starting email analysis
2025-01-21 05:17:49,819 - email_analysis_ml - INFO - Analysis complete. Prediction: 1, Probability: 0.5204929709434509
2025-01-21 05:24:10,219 - email_analysis_ml - INFO - Starting email analysis
2025-01-21 05:24:10,286 - email_analysis_ml - INFO - Analysis complete. Prediction: 1, Probability: 0.5204929709434509
2025-01-21 05:24:41,794 - email_analysis_ml - INFO - Starting email analysis
2025-01-21 05:24:41,854 - email_analysis_ml - INFO - Analysis complete. Prediction: 1, Probability: 0.5204929709434509
2025-01-21 05:25:19,347 - email_analysis_ml - INFO - Starting email analysis
2025-01-21 05:25:19,413 - email_analysis_ml - INFO - Analysis complete. Prediction: 1, Probability: 0.5204929709434509
2025-01-21 05:29:50,247 - email_analysis_ml - INFO - Starting email analysis
2025-01-21 05:29:50,311 - email_analysis_ml - INFO - Analysis complete. Prediction: 1, Probability: 0.5204929709434509
2025-01-21 05:35:47,020 - email_analysis_ml - INFO - Starting email analysis
2025-01-21 05:35:47,079 - email_analysis_ml - INFO - Analysis complete. Prediction: 1, Probability: 0.5204929709434509
2025-01-21 05:38:26,632 - email_analysis_ml - INFO - Starting email analysis
2025-01-21 05:38:26,693 - email_analysis_ml - INFO - Analysis complete. Prediction: 1, Probability: 0.5204929709434509
2025-01-21 05:46:26,255 - email_analysis_ml - INFO - Starting email analysis
2025-01-21 05:46:26,319 - email_analysis_ml - INFO - Analysis complete. Prediction: 1, Probability: 0.5204929709434509
2025-01-21 05:46:32,651 - email_analysis_ml - INFO - Starting email analysis
2025-01-21 05:46:32,657 - email_analysis_ml - INFO - Analysis complete. Prediction: 0, Probability: 0.2225721776485443
2025-01-21 06:00:26,654 - email_analysis_ml - INFO - Starting email analysis
2025-01-21 06:00:26,662 - email_analysis_ml - INFO - Analysis complete. Prediction: 0, Probability: 0.2225721776485443
2025-01-21 14:28:30,161 - email_analysis_ml - INFO - Starting email analysis
2025-01-21 14:28:30,244 - email_analysis_ml - INFO - Analysis complete. Prediction: 1, Probability: 0.5204929709434509
2025-01-21 17:52:28,657 - email_analysis_ml - INFO - Starting email analysis
2025-01-21 17:52:28,742 - email_analysis_ml - INFO - Analysis complete. Prediction: 1, Probability: 0.5204929709434509
2025-01-21 19:55:07,348 - email_analysis_ml - INFO - Starting email analysis
2025-01-21 19:55:07,369 - email_analysis_ml - INFO - Analysis complete. Prediction: 0, Probability: 0.2225721776485443
2025-01-21 19:55:31,079 - email_analysis_ml - INFO - Starting email analysis
2025-01-21 19:55:31,188 - email_analysis_ml - INFO - Analysis complete. Prediction: 1, Probability: 0.6454136967658997
